# JRE version: OpenJDK Runtime Environment (8.0_222-b10) (build 1.8.0_222-8u222-b10-1ubuntu1~18.04.1-b10)
# Java VM: OpenJDK 64-Bit Server VM (25.222-b10 mixed mode linux-amd64 compressed oops)
Heap:
 PSYoungGen      total 109568K, used 21843K [0x0000000719980000, 0x0000000725900000, 0x00000007c0000000)
  eden space 109056K, 20% used [0x0000000719980000,0x000000071aeccce8,0x0000000720400000)
  from space 512K, 6% used [0x0000000725880000,0x0000000725888000,0x0000000725900000)
  to   space 2048K, 0% used [0x0000000725500000,0x0000000725500000,0x0000000725700000)
 ParOldGen       total 341504K, used 2384K [0x00000005ccc00000, 0x00000005e1980000, 0x0000000719980000)
  object space 341504K, 0% used [0x00000005ccc00000,0x00000005cce54148,0x00000005e1980000)
 Metaspace       used 9606K, capacity 9833K, committed 10112K, reserved 1058816K
  class space    used 727K, capacity 841K, committed 896K, reserved 1048576K
GC Heap History (10 events):
Event: 5.100 GC heap before
{Heap before GC invocations=32 (full 0):
 PSYoungGen      total 124928K, used 121920K [0x0000000719980000, 0x0000000725e80000, 0x00000007c0000000)
  eden space 121856K, 100% used [0x0000000719980000,0x0000000721080000,0x0000000721080000)
  from space 3072K, 2% used [0x0000000725880000,0x0000000725890000,0x0000000725b80000)
  to   space 2560K, 0% used [0x0000000725c00000,0x0000000725c00000,0x0000000725e80000)
 ParOldGen       total 341504K, used 2384K [0x00000005ccc00000, 0x00000005e1980000, 0x0000000719980000)
  object space 341504K, 0% used [0x00000005ccc00000,0x00000005cce54148,0x00000005e1980000)
 Metaspace       used 9598K, capacity 9833K, committed 10112K, reserved 1058816K
  class space    used 727K, capacity 841K, committed 896K, reserved 1048576K
Event: 5.100 GC heap after
Heap after GC invocations=32 (full 0):
 PSYoungGen      total 119808K, used 64K [0x0000000719980000, 0x0000000725c80000, 0x00000007c0000000)
  eden space 119296K, 0% used [0x0000000719980000,0x0000000719980000,0x0000000720e00000)
  from space 512K, 12% used [0x0000000725c00000,0x0000000725c10000,0x0000000725c80000)
  to   space 2560K, 0% used [0x0000000725780000,0x0000000725780000,0x0000000725a00000)
 ParOldGen       total 341504K, used 2384K [0x00000005ccc00000, 0x00000005e1980000, 0x0000000719980000)
  object space 341504K, 0% used [0x00000005ccc00000,0x00000005cce54148,0x00000005e1980000)
 Metaspace       used 9598K, capacity 9833K, committed 10112K, reserved 1058816K
  class space    used 727K, capacity 841K, committed 896K, reserved 1048576K
}
Event: 5.200 GC heap before
{Heap before GC invocations=33 (full 0):
 PSYoungGen      total 119808K, used 119360K [0x0000000719980000, 0x0000000725c80000, 0x00000007c0000000)
  eden space 119296K, 100% used [0x0000000719980000,0x0000000720e00000,0x0000000720e00000)
  from space 512K, 12% used [0x0000000725c00000,0x0000000725c10000,0x0000000725c80000)
  to   space 2560K, 0% used [0x0000000725780000,0x0000000725780000,0x0000000725a00000)
 ParOldGen       total 341504K, used 2384K [0x00000005ccc00000, 0x00000005e1980000, 0x0000000719980000)
  object space 341504K, 0% used [0x00000005ccc00000,0x00000005cce54148,0x00000005e1980000)
 Metaspace       used 9604K, capacity 9833K, committed 10112K, reserved 1058816K
  class space    used 727K, capacity 841K, committed 896K, reserved 1048576K
Event: 5.201 GC heap after
Heap after GC invocations=33 (full 0):
 PSYoungGen      total 119296K, used 64K [0x0000000719980000, 0x0000000725c80000, 0x00000007c0000000)
  eden space 116736K, 0% used [0x0000000719980000,0x0000000719980000,0x0000000720b80000)
  from space 2560K, 2% used [0x0000000725780000,0x0000000725790000,0x0000000725a00000)
  to   space 2560K, 0% used [0x0000000725a00000,0x0000000725a00000,0x0000000725c80000)
 ParOldGen       total 341504K, used 2384K [0x00000005ccc00000, 0x00000005e1980000, 0x0000000719980000)
  object space 341504K, 0% used [0x00000005ccc00000,0x00000005cce54148,0x00000005e1980000)
 Metaspace       used 9604K, capacity 9833K, committed 10112K, reserved 1058816K
  class space    used 727K, capacity 841K, committed 896K, reserved 1048576K
}
Event: 5.298 GC heap before
{Heap before GC invocations=34 (full 0):
 PSYoungGen      total 119296K, used 116800K [0x0000000719980000, 0x0000000725c80000, 0x00000007c0000000)
  eden space 116736K, 100% used [0x0000000719980000,0x0000000720b80000,0x0000000720b80000)
  from space 2560K, 2% used [0x0000000725780000,0x0000000725790000,0x0000000725a00000)
  to   space 2560K, 0% used [0x0000000725a00000,0x0000000725a00000,0x0000000725c80000)
 ParOldGen       total 341504K, used 2384K [0x00000005ccc00000, 0x00000005e1980000, 0x0000000719980000)
  object space 341504K, 0% used [0x00000005ccc00000,0x00000005cce54148,0x00000005e1980000)
 Metaspace       used 9604K, capacity 9833K, committed 10112K, reserved 1058816K
  class space    used 727K, capacity 841K, committed 896K, reserved 1048576K
Event: 5.298 GC heap after
Heap after GC invocations=34 (full 0):
 PSYoungGen      total 114688K, used 64K [0x0000000719980000, 0x0000000725a80000, 0x00000007c0000000)
  eden space 114176K, 0% used [0x0000000719980000,0x0000000719980000,0x0000000720900000)
  from space 512K, 12% used [0x0000000725a00000,0x0000000725a10000,0x0000000725a80000)
  to   space 2048K, 0% used [0x0000000725680000,0x0000000725680000,0x0000000725880000)
 ParOldGen       total 341504K, used 2384K [0x00000005ccc00000, 0x00000005e1980000, 0x0000000719980000)
  object space 341504K, 0% used [0x00000005ccc00000,0x00000005cce54148,0x00000005e1980000)
 Metaspace       used 9604K, capacity 9833K, committed 10112K, reserved 1058816K
  class space    used 727K, capacity 841K, committed 896K, reserved 1048576K
}
Event: 5.395 GC heap before
{Heap before GC invocations=35 (full 0):
 PSYoungGen      total 114688K, used 114240K [0x0000000719980000, 0x0000000725a80000, 0x00000007c0000000)
  eden space 114176K, 100% used [0x0000000719980000,0x0000000720900000,0x0000000720900000)
  from space 512K, 12% used [0x0000000725a00000,0x0000000725a10000,0x0000000725a80000)
  to   space 2048K, 0% used [0x0000000725680000,0x0000000725680000,0x0000000725880000)
 ParOldGen       total 341504K, used 2384K [0x00000005ccc00000, 0x00000005e1980000, 0x0000000719980000)
  object space 341504K, 0% used [0x00000005ccc00000,0x00000005cce54148,0x00000005e1980000)
 Metaspace       used 9604K, capacity 9833K, committed 10112K, reserved 1058816K
  class space    used 727K, capacity 841K, committed 896K, reserved 1048576K
Event: 5.395 GC heap after
Heap after GC invocations=35 (full 0):
 PSYoungGen      total 113664K, used 64K [0x0000000719980000, 0x0000000725a80000, 0x00000007c0000000)
  eden space 111616K, 0% used [0x0000000719980000,0x0000000719980000,0x0000000720680000)
  from space 2048K, 3% used [0x0000000725680000,0x0000000725690000,0x0000000725880000)
  to   space 2048K, 0% used [0x0000000725880000,0x0000000725880000,0x0000000725a80000)
 ParOldGen       total 341504K, used 2384K [0x00000005ccc00000, 0x00000005e1980000, 0x0000000719980000)
  object space 341504K, 0% used [0x00000005ccc00000,0x00000005cce54148,0x00000005e1980000)
 Metaspace       used 9604K, capacity 9833K, committed 10112K, reserved 1058816K
  class space    used 727K, capacity 841K, committed 896K, reserved 1048576K
}
Event: 5.490 GC heap before
{Heap before GC invocations=36 (full 0):
 PSYoungGen      total 113664K, used 111680K [0x0000000719980000, 0x0000000725a80000, 0x00000007c0000000)
  eden space 111616K, 100% used [0x0000000719980000,0x0000000720680000,0x0000000720680000)
  from space 2048K, 3% used [0x0000000725680000,0x0000000725690000,0x0000000725880000)
  to   space 2048K, 0% used [0x0000000725880000,0x0000000725880000,0x0000000725a80000)
 ParOldGen       total 341504K, used 2384K [0x00000005ccc00000, 0x00000005e1980000, 0x0000000719980000)
  object space 341504K, 0% used [0x00000005ccc00000,0x00000005cce54148,0x00000005e1980000)
 Metaspace       used 9604K, capacity 9833K, committed 10112K, reserved 1058816K
  class space    used 727K, capacity 841K, committed 896K, reserved 1048576K
Event: 5.491 GC heap after
Heap after GC invocations=36 (full 0):
 PSYoungGen      total 109568K, used 32K [0x0000000719980000, 0x0000000725900000, 0x00000007c0000000)
  eden space 109056K, 0% used [0x0000000719980000,0x0000000719980000,0x0000000720400000)
  from space 512K, 6% used [0x0000000725880000,0x0000000725888000,0x0000000725900000)
  to   space 2048K, 0% used [0x0000000725500000,0x0000000725500000,0x0000000725700000)
 ParOldGen       total 341504K, used 2384K [0x00000005ccc00000, 0x00000005e1980000, 0x0000000719980000)
  object space 341504K, 0% used [0x00000005ccc00000,0x00000005cce54148,0x00000005e1980000)
 Metaspace       used 9604K, capacity 9833K, committed 10112K, reserved 1058816K
  class space    used 727K, capacity 841K, committed 896K, reserved 1048576K
}

