# JRE version: OpenJDK Runtime Environment (8.0_222-b10) (build 1.8.0_222-8u222-b10-1ubuntu1~18.04.1-b10)
# Java VM: OpenJDK 64-Bit Server VM (25.222-b10 mixed mode linux-amd64 compressed oops)
Heap:
 PSYoungGen      total 219136K, used 74387K [0x0000000719980000, 0x0000000738900000, 0x00000007c0000000)
  eden space 218624K, 33% used [0x0000000719980000,0x000000071e20cfb8,0x0000000726f00000)
  from space 512K, 18% used [0x0000000738880000,0x0000000738898000,0x0000000738900000)
  to   space 8704K, 0% used [0x0000000737800000,0x0000000737800000,0x0000000738080000)
 ParOldGen       total 341504K, used 2392K [0x00000005ccc00000, 0x00000005e1980000, 0x0000000719980000)
  object space 341504K, 0% used [0x00000005ccc00000,0x00000005cce56148,0x00000005e1980000)
 Metaspace       used 9589K, capacity 9833K, committed 10112K, reserved 1058816K
  class space    used 727K, capacity 841K, committed 896K, reserved 1048576K
GC Heap History (10 events):
Event: 1.408 GC heap before
{Heap before GC invocations=6 (full 0):
 PSYoungGen      total 278016K, used 259472K [0x0000000719980000, 0x000000073a280000, 0x00000007c0000000)
  eden space 257024K, 100% used [0x0000000719980000,0x0000000729480000,0x0000000729480000)
  from space 20992K, 11% used [0x0000000729480000,0x00000007296e4070,0x000000072a900000)
  to   space 9728K, 0% used [0x0000000739900000,0x0000000739900000,0x000000073a280000)
 ParOldGen       total 341504K, used 40K [0x00000005ccc00000, 0x00000005e1980000, 0x0000000719980000)
  object space 341504K, 0% used [0x00000005ccc00000,0x00000005ccc0a000,0x00000005e1980000)
 Metaspace       used 9569K, capacity 9833K, committed 10112K, reserved 1058816K
  class space    used 727K, capacity 841K, committed 896K, reserved 1048576K
Event: 1.410 GC heap after
Heap after GC invocations=6 (full 0):
 PSYoungGen      total 251392K, used 2480K [0x0000000719980000, 0x0000000739b80000, 0x00000007c0000000)
  eden space 248832K, 0% used [0x0000000719980000,0x0000000719980000,0x0000000728c80000)
  from space 2560K, 96% used [0x0000000739900000,0x0000000739b6c050,0x0000000739b80000)
  to   space 9216K, 0% used [0x0000000738980000,0x0000000738980000,0x0000000739280000)
 ParOldGen       total 341504K, used 48K [0x00000005ccc00000, 0x00000005e1980000, 0x0000000719980000)
  object space 341504K, 0% used [0x00000005ccc00000,0x00000005ccc0c000,0x00000005e1980000)
 Metaspace       used 9569K, capacity 9833K, committed 10112K, reserved 1058816K
  class space    used 727K, capacity 841K, committed 896K, reserved 1048576K
}
Event: 1.618 GC heap before
{Heap before GC invocations=7 (full 0):
 PSYoungGen      total 251392K, used 251312K [0x0000000719980000, 0x0000000739b80000, 0x00000007c0000000)
  eden space 248832K, 100% used [0x0000000719980000,0x0000000728c80000,0x0000000728c80000)
  from space 2560K, 96% used [0x0000000739900000,0x0000000739b6c050,0x0000000739b80000)
  to   space 9216K, 0% used [0x0000000738980000,0x0000000738980000,0x0000000739280000)
 ParOldGen       total 341504K, used 48K [0x00000005ccc00000, 0x00000005e1980000, 0x0000000719980000)
  object space 341504K, 0% used [0x00000005ccc00000,0x00000005ccc0c000,0x00000005e1980000)
 Metaspace       used 9580K, capacity 9833K, committed 10112K, reserved 1058816K
  class space    used 727K, capacity 841K, committed 896K, reserved 1048576K
Event: 1.620 GC heap after
Heap after GC invocations=7 (full 0):
 PSYoungGen      total 241152K, used 224K [0x0000000719980000, 0x0000000739980000, 0x00000007c0000000)
  eden space 240640K, 0% used [0x0000000719980000,0x0000000719980000,0x0000000728480000)
  from space 512K, 43% used [0x0000000738980000,0x00000007389b8000,0x0000000738a00000)
  to   space 9216K, 0% used [0x0000000739080000,0x0000000739080000,0x0000000739980000)
 ParOldGen       total 341504K, used 2360K [0x00000005ccc00000, 0x00000005e1980000, 0x0000000719980000)
  object space 341504K, 0% used [0x00000005ccc00000,0x00000005cce4e148,0x00000005e1980000)
 Metaspace       used 9580K, capacity 9833K, committed 10112K, reserved 1058816K
  class space    used 727K, capacity 841K, committed 896K, reserved 1048576K
}
Event: 1.819 GC heap before
{Heap before GC invocations=8 (full 0):
 PSYoungGen      total 241152K, used 240864K [0x0000000719980000, 0x0000000739980000, 0x00000007c0000000)
  eden space 240640K, 100% used [0x0000000719980000,0x0000000728480000,0x0000000728480000)
  from space 512K, 43% used [0x0000000738980000,0x00000007389b8000,0x0000000738a00000)
  to   space 9216K, 0% used [0x0000000739080000,0x0000000739080000,0x0000000739980000)
 ParOldGen       total 341504K, used 2360K [0x00000005ccc00000, 0x00000005e1980000, 0x0000000719980000)
  object space 341504K, 0% used [0x00000005ccc00000,0x00000005cce4e148,0x00000005e1980000)
 Metaspace       used 9585K, capacity 9833K, committed 10112K, reserved 1058816K
  class space    used 727K, capacity 841K, committed 896K, reserved 1048576K
Event: 1.819 GC heap after
Heap after GC invocations=8 (full 0):
 PSYoungGen      total 233472K, used 128K [0x0000000719980000, 0x0000000739100000, 0x00000007c0000000)
  eden space 232960K, 0% used [0x0000000719980000,0x0000000719980000,0x0000000727d00000)
  from space 512K, 25% used [0x0000000739080000,0x00000007390a0000,0x0000000739100000)
  to   space 9216K, 0% used [0x0000000737f00000,0x0000000737f00000,0x0000000738800000)
 ParOldGen       total 341504K, used 2368K [0x00000005ccc00000, 0x00000005e1980000, 0x0000000719980000)
  object space 341504K, 0% used [0x00000005ccc00000,0x00000005cce50148,0x00000005e1980000)
 Metaspace       used 9585K, capacity 9833K, committed 10112K, reserved 1058816K
  class space    used 727K, capacity 841K, committed 896K, reserved 1048576K
}
Event: 2.015 GC heap before
{Heap before GC invocations=9 (full 0):
 PSYoungGen      total 233472K, used 233088K [0x0000000719980000, 0x0000000739100000, 0x00000007c0000000)
  eden space 232960K, 100% used [0x0000000719980000,0x0000000727d00000,0x0000000727d00000)
  from space 512K, 25% used [0x0000000739080000,0x00000007390a0000,0x0000000739100000)
  to   space 9216K, 0% used [0x0000000737f00000,0x0000000737f00000,0x0000000738800000)
 ParOldGen       total 341504K, used 2368K [0x00000005ccc00000, 0x00000005e1980000, 0x0000000719980000)
  object space 341504K, 0% used [0x00000005ccc00000,0x00000005cce50148,0x00000005e1980000)
 Metaspace       used 9587K, capacity 9833K, committed 10112K, reserved 1058816K
  class space    used 727K, capacity 841K, committed 896K, reserved 1048576K
Event: 2.016 GC heap after
Heap after GC invocations=9 (full 0):
 PSYoungGen      total 235008K, used 64K [0x0000000719980000, 0x0000000739100000, 0x00000007c0000000)
  eden space 225792K, 0% used [0x0000000719980000,0x0000000719980000,0x0000000727600000)
  from space 9216K, 0% used [0x0000000737f00000,0x0000000737f10000,0x0000000738800000)
  to   space 8704K, 0% used [0x0000000738880000,0x0000000738880000,0x0000000739100000)
 ParOldGen       total 341504K, used 2376K [0x00000005ccc00000, 0x00000005e1980000, 0x0000000719980000)
  object space 341504K, 0% used [0x00000005ccc00000,0x00000005cce52148,0x00000005e1980000)
 Metaspace       used 9587K, capacity 9833K, committed 10112K, reserved 1058816K
  class space    used 727K, capacity 841K, committed 896K, reserved 1048576K
}
Event: 2.202 GC heap before
{Heap before GC invocations=10 (full 0):
 PSYoungGen      total 235008K, used 225856K [0x0000000719980000, 0x0000000739100000, 0x00000007c0000000)
  eden space 225792K, 100% used [0x0000000719980000,0x0000000727600000,0x0000000727600000)
  from space 9216K, 0% used [0x0000000737f00000,0x0000000737f10000,0x0000000738800000)
  to   space 8704K, 0% used [0x0000000738880000,0x0000000738880000,0x0000000739100000)
 ParOldGen       total 341504K, used 2376K [0x00000005ccc00000, 0x00000005e1980000, 0x0000000719980000)
  object space 341504K, 0% used [0x00000005ccc00000,0x00000005cce52148,0x00000005e1980000)
 Metaspace       used 9588K, capacity 9833K, committed 10112K, reserved 1058816K
  class space    used 727K, capacity 841K, committed 896K, reserved 1048576K
Event: 2.203 GC heap after
Heap after GC invocations=10 (full 0):
 PSYoungGen      total 219136K, used 96K [0x0000000719980000, 0x0000000738900000, 0x00000007c0000000)
  eden space 218624K, 0% used [0x0000000719980000,0x0000000719980000,0x0000000726f00000)
  from space 512K, 18% used [0x0000000738880000,0x0000000738898000,0x0000000738900000)
  to   space 8704K, 0% used [0x0000000737800000,0x0000000737800000,0x0000000738080000)
 ParOldGen       total 341504K, used 2392K [0x00000005ccc00000, 0x00000005e1980000, 0x0000000719980000)
  object space 341504K, 0% used [0x00000005ccc00000,0x00000005cce56148,0x00000005e1980000)
 Metaspace       used 9588K, capacity 9833K, committed 10112K, reserved 1058816K
  class space    used 727K, capacity 841K, committed 896K, reserved 1048576K
}

