# JRE version: OpenJDK Runtime Environment (8.0_222-b10) (build 1.8.0_222-8u222-b10-1ubuntu1~18.04.1-b10)
# Java VM: OpenJDK 64-Bit Server VM (25.222-b10 mixed mode linux-amd64 compressed oops)
Heap:
 PSYoungGen      total 241152K, used 120167K [0x0000000719980000, 0x0000000739980000, 0x00000007c0000000)
  eden space 240640K, 49% used [0x0000000719980000,0x0000000720e99c38,0x0000000728480000)
  from space 512K, 50% used [0x0000000738980000,0x00000007389c0000,0x0000000738a00000)
  to   space 9216K, 0% used [0x0000000739080000,0x0000000739080000,0x0000000739980000)
 ParOldGen       total 341504K, used 2380K [0x00000005ccc00000, 0x00000005e1980000, 0x0000000719980000)
  object space 341504K, 0% used [0x00000005ccc00000,0x00000005cce53158,0x00000005e1980000)
 Metaspace       used 9574K, capacity 9833K, committed 10112K, reserved 1058816K
  class space    used 727K, capacity 841K, committed 896K, reserved 1048576K
GC Heap History (10 events):
Event: 0.845 GC heap before
{Heap before GC invocations=3 (full 0):
 PSYoungGen      total 149504K, used 131024K [0x0000000719980000, 0x0000000724000000, 0x00000007c0000000)
  eden space 128512K, 100% used [0x0000000719980000,0x0000000721700000,0x0000000721700000)
  from space 20992K, 11% used [0x0000000722b80000,0x0000000722df4070,0x0000000724000000)
  to   space 20992K, 0% used [0x0000000721700000,0x0000000721700000,0x0000000722b80000)
 ParOldGen       total 341504K, used 33K [0x00000005ccc00000, 0x00000005e1980000, 0x0000000719980000)
  object space 341504K, 0% used [0x00000005ccc00000,0x00000005ccc086d0,0x00000005e1980000)
 Metaspace       used 9522K, capacity 9769K, committed 9856K, reserved 1058816K
  class space    used 727K, capacity 841K, committed 896K, reserved 1048576K
Event: 0.847 GC heap after
Heap after GC invocations=3 (full 0):
 PSYoungGen      total 149504K, used 2480K [0x0000000719980000, 0x000000072bd80000, 0x00000007c0000000)
  eden space 128512K, 0% used [0x0000000719980000,0x0000000719980000,0x0000000721700000)
  from space 20992K, 11% used [0x0000000721700000,0x000000072196c070,0x0000000722b80000)
  to   space 20992K, 0% used [0x000000072a900000,0x000000072a900000,0x000000072bd80000)
 ParOldGen       total 341504K, used 41K [0x00000005ccc00000, 0x00000005e1980000, 0x0000000719980000)
  object space 341504K, 0% used [0x00000005ccc00000,0x00000005ccc0a6d0,0x00000005e1980000)
 Metaspace       used 9522K, capacity 9769K, committed 9856K, reserved 1058816K
  class space    used 727K, capacity 841K, committed 896K, reserved 1048576K
}
Event: 0.955 GC heap before
{Heap before GC invocations=4 (full 0):
 PSYoungGen      total 149504K, used 130992K [0x0000000719980000, 0x000000072bd80000, 0x00000007c0000000)
  eden space 128512K, 100% used [0x0000000719980000,0x0000000721700000,0x0000000721700000)
  from space 20992K, 11% used [0x0000000721700000,0x000000072196c070,0x0000000722b80000)
  to   space 20992K, 0% used [0x000000072a900000,0x000000072a900000,0x000000072bd80000)
 ParOldGen       total 341504K, used 41K [0x00000005ccc00000, 0x00000005e1980000, 0x0000000719980000)
  object space 341504K, 0% used [0x00000005ccc00000,0x00000005ccc0a6d0,0x00000005e1980000)
 Metaspace       used 9538K, capacity 9769K, committed 9856K, reserved 1058816K
  class space    used 727K, capacity 841K, committed 896K, reserved 1048576K
Event: 0.956 GC heap after
Heap after GC invocations=4 (full 0):
 PSYoungGen      total 278016K, used 2496K [0x0000000719980000, 0x000000072bd80000, 0x00000007c0000000)
  eden space 257024K, 0% used [0x0000000719980000,0x0000000719980000,0x0000000729480000)
  from space 20992K, 11% used [0x000000072a900000,0x000000072ab70060,0x000000072bd80000)
  to   space 20992K, 0% used [0x0000000729480000,0x0000000729480000,0x000000072a900000)
 ParOldGen       total 341504K, used 49K [0x00000005ccc00000, 0x00000005e1980000, 0x0000000719980000)
  object space 341504K, 0% used [0x00000005ccc00000,0x00000005ccc0c6d0,0x00000005e1980000)
 Metaspace       used 9538K, capacity 9769K, committed 9856K, reserved 1058816K
  class space    used 727K, capacity 841K, committed 896K, reserved 1048576K
}
Event: 1.188 GC heap before
{Heap before GC invocations=5 (full 0):
 PSYoungGen      total 278016K, used 259520K [0x0000000719980000, 0x000000072bd80000, 0x00000007c0000000)
  eden space 257024K, 100% used [0x0000000719980000,0x0000000729480000,0x0000000729480000)
  from space 20992K, 11% used [0x000000072a900000,0x000000072ab70060,0x000000072bd80000)
  to   space 20992K, 0% used [0x0000000729480000,0x0000000729480000,0x000000072a900000)
 ParOldGen       total 341504K, used 49K [0x00000005ccc00000, 0x00000005e1980000, 0x0000000719980000)
  object space 341504K, 0% used [0x00000005ccc00000,0x00000005ccc0c6d0,0x00000005e1980000)
 Metaspace       used 9550K, capacity 9833K, committed 10112K, reserved 1058816K
  class space    used 727K, capacity 841K, committed 896K, reserved 1048576K
Event: 1.189 GC heap after
Heap after GC invocations=5 (full 0):
 PSYoungGen      total 278016K, used 2448K [0x0000000719980000, 0x000000073a280000, 0x00000007c0000000)
  eden space 257024K, 0% used [0x0000000719980000,0x0000000719980000,0x0000000729480000)
  from space 20992K, 11% used [0x0000000729480000,0x00000007296e4070,0x000000072a900000)
  to   space 9728K, 0% used [0x0000000739900000,0x0000000739900000,0x000000073a280000)
 ParOldGen       total 341504K, used 57K [0x00000005ccc00000, 0x00000005e1980000, 0x0000000719980000)
  object space 341504K, 0% used [0x00000005ccc00000,0x00000005ccc0e6d0,0x00000005e1980000)
 Metaspace       used 9550K, capacity 9833K, committed 10112K, reserved 1058816K
  class space    used 727K, capacity 841K, committed 896K, reserved 1048576K
}
Event: 1.398 GC heap before
{Heap before GC invocations=6 (full 0):
 PSYoungGen      total 278016K, used 259472K [0x0000000719980000, 0x000000073a280000, 0x00000007c0000000)
  eden space 257024K, 100% used [0x0000000719980000,0x0000000729480000,0x0000000729480000)
  from space 20992K, 11% used [0x0000000729480000,0x00000007296e4070,0x000000072a900000)
  to   space 9728K, 0% used [0x0000000739900000,0x0000000739900000,0x000000073a280000)
 ParOldGen       total 341504K, used 57K [0x00000005ccc00000, 0x00000005e1980000, 0x0000000719980000)
  object space 341504K, 0% used [0x00000005ccc00000,0x00000005ccc0e6d0,0x00000005e1980000)
 Metaspace       used 9562K, capacity 9833K, committed 10112K, reserved 1058816K
  class space    used 727K, capacity 841K, committed 896K, reserved 1048576K
Event: 1.399 GC heap after
Heap after GC invocations=6 (full 0):
 PSYoungGen      total 251392K, used 2448K [0x0000000719980000, 0x0000000739b80000, 0x00000007c0000000)
  eden space 248832K, 0% used [0x0000000719980000,0x0000000719980000,0x0000000728c80000)
  from space 2560K, 95% used [0x0000000739900000,0x0000000739b64050,0x0000000739b80000)
  to   space 9216K, 0% used [0x0000000738980000,0x0000000738980000,0x0000000739280000)
 ParOldGen       total 341504K, used 65K [0x00000005ccc00000, 0x00000005e1980000, 0x0000000719980000)
  object space 341504K, 0% used [0x00000005ccc00000,0x00000005ccc106d0,0x00000005e1980000)
 Metaspace       used 9562K, capacity 9833K, committed 10112K, reserved 1058816K
  class space    used 727K, capacity 841K, committed 896K, reserved 1048576K
}
Event: 1.607 GC heap before
{Heap before GC invocations=7 (full 0):
 PSYoungGen      total 251392K, used 251280K [0x0000000719980000, 0x0000000739b80000, 0x00000007c0000000)
  eden space 248832K, 100% used [0x0000000719980000,0x0000000728c80000,0x0000000728c80000)
  from space 2560K, 95% used [0x0000000739900000,0x0000000739b64050,0x0000000739b80000)
  to   space 9216K, 0% used [0x0000000738980000,0x0000000738980000,0x0000000739280000)
 ParOldGen       total 341504K, used 65K [0x00000005ccc00000, 0x00000005e1980000, 0x0000000719980000)
  object space 341504K, 0% used [0x00000005ccc00000,0x00000005ccc106d0,0x00000005e1980000)
 Metaspace       used 9572K, capacity 9833K, committed 10112K, reserved 1058816K
  class space    used 727K, capacity 841K, committed 896K, reserved 1048576K
Event: 1.609 GC heap after
Heap after GC invocations=7 (full 0):
 PSYoungGen      total 241152K, used 256K [0x0000000719980000, 0x0000000739980000, 0x00000007c0000000)
  eden space 240640K, 0% used [0x0000000719980000,0x0000000719980000,0x0000000728480000)
  from space 512K, 50% used [0x0000000738980000,0x00000007389c0000,0x0000000738a00000)
  to   space 9216K, 0% used [0x0000000739080000,0x0000000739080000,0x0000000739980000)
 ParOldGen       total 341504K, used 2380K [0x00000005ccc00000, 0x00000005e1980000, 0x0000000719980000)
  object space 341504K, 0% used [0x00000005ccc00000,0x00000005cce53158,0x00000005e1980000)
 Metaspace       used 9572K, capacity 9833K, committed 10112K, reserved 1058816K
  class space    used 727K, capacity 841K, committed 896K, reserved 1048576K
}

