# JRE version: OpenJDK Runtime Environment (8.0_222-b10) (build 1.8.0_222-8u222-b10-1ubuntu1~18.04.1-b10)
# Java VM: OpenJDK 64-Bit Server VM (25.222-b10 mixed mode linux-amd64 compressed oops)
Heap:
 PSYoungGen      total 234496K, used 63237K [0x0000000719980000, 0x0000000739100000, 0x00000007c0000000)
  eden space 225792K, 27% used [0x0000000719980000,0x000000071d729778,0x0000000727600000)
  from space 8704K, 1% used [0x0000000738000000,0x0000000738018000,0x0000000738880000)
  to   space 8704K, 0% used [0x0000000738880000,0x0000000738880000,0x0000000739100000)
 ParOldGen       total 341504K, used 2410K [0x00000005ccc00000, 0x00000005e1980000, 0x0000000719980000)
  object space 341504K, 0% used [0x00000005ccc00000,0x00000005cce5ab38,0x00000005e1980000)
 Metaspace       used 9582K, capacity 9833K, committed 10112K, reserved 1058816K
  class space    used 727K, capacity 841K, committed 896K, reserved 1048576K
GC Heap History (10 events):
Event: 1.206 GC heap before
{Heap before GC invocations=5 (full 0):
 PSYoungGen      total 278016K, used 259440K [0x0000000719980000, 0x000000072bd80000, 0x00000007c0000000)
  eden space 257024K, 100% used [0x0000000719980000,0x0000000729480000,0x0000000729480000)
  from space 20992K, 11% used [0x000000072a900000,0x000000072ab5c050,0x000000072bd80000)
  to   space 20992K, 0% used [0x0000000729480000,0x0000000729480000,0x000000072a900000)
 ParOldGen       total 341504K, used 49K [0x00000005ccc00000, 0x00000005e1980000, 0x0000000719980000)
  object space 341504K, 0% used [0x00000005ccc00000,0x00000005ccc0c6d0,0x00000005e1980000)
 Metaspace       used 9550K, capacity 9833K, committed 10112K, reserved 1058816K
  class space    used 727K, capacity 841K, committed 896K, reserved 1048576K
Event: 1.208 GC heap after
Heap after GC invocations=5 (full 0):
 PSYoungGen      total 278016K, used 2480K [0x0000000719980000, 0x000000073a280000, 0x00000007c0000000)
  eden space 257024K, 0% used [0x0000000719980000,0x0000000719980000,0x0000000729480000)
  from space 20992K, 11% used [0x0000000729480000,0x00000007296ec050,0x000000072a900000)
  to   space 9728K, 0% used [0x0000000739900000,0x0000000739900000,0x000000073a280000)
 ParOldGen       total 341504K, used 57K [0x00000005ccc00000, 0x00000005e1980000, 0x0000000719980000)
  object space 341504K, 0% used [0x00000005ccc00000,0x00000005ccc0e6d0,0x00000005e1980000)
 Metaspace       used 9550K, capacity 9833K, committed 10112K, reserved 1058816K
  class space    used 727K, capacity 841K, committed 896K, reserved 1048576K
}
Event: 1.416 GC heap before
{Heap before GC invocations=6 (full 0):
 PSYoungGen      total 278016K, used 259504K [0x0000000719980000, 0x000000073a280000, 0x00000007c0000000)
  eden space 257024K, 100% used [0x0000000719980000,0x0000000729480000,0x0000000729480000)
  from space 20992K, 11% used [0x0000000729480000,0x00000007296ec050,0x000000072a900000)
  to   space 9728K, 0% used [0x0000000739900000,0x0000000739900000,0x000000073a280000)
 ParOldGen       total 341504K, used 57K [0x00000005ccc00000, 0x00000005e1980000, 0x0000000719980000)
  object space 341504K, 0% used [0x00000005ccc00000,0x00000005ccc0e6d0,0x00000005e1980000)
 Metaspace       used 9562K, capacity 9833K, committed 10112K, reserved 1058816K
  class space    used 727K, capacity 841K, committed 896K, reserved 1048576K
Event: 1.417 GC heap after
Heap after GC invocations=6 (full 0):
 PSYoungGen      total 251392K, used 2512K [0x0000000719980000, 0x0000000739b80000, 0x00000007c0000000)
  eden space 248832K, 0% used [0x0000000719980000,0x0000000719980000,0x0000000728c80000)
  from space 2560K, 98% used [0x0000000739900000,0x0000000739b74050,0x0000000739b80000)
  to   space 8704K, 0% used [0x0000000738a80000,0x0000000738a80000,0x0000000739300000)
 ParOldGen       total 341504K, used 65K [0x00000005ccc00000, 0x00000005e1980000, 0x0000000719980000)
  object space 341504K, 0% used [0x00000005ccc00000,0x00000005ccc106d0,0x00000005e1980000)
 Metaspace       used 9562K, capacity 9833K, committed 10112K, reserved 1058816K
  class space    used 727K, capacity 841K, committed 896K, reserved 1048576K
}
Event: 1.626 GC heap before
{Heap before GC invocations=7 (full 0):
 PSYoungGen      total 251392K, used 251344K [0x0000000719980000, 0x0000000739b80000, 0x00000007c0000000)
  eden space 248832K, 100% used [0x0000000719980000,0x0000000728c80000,0x0000000728c80000)
  from space 2560K, 98% used [0x0000000739900000,0x0000000739b74050,0x0000000739b80000)
  to   space 8704K, 0% used [0x0000000738a80000,0x0000000738a80000,0x0000000739300000)
 ParOldGen       total 341504K, used 65K [0x00000005ccc00000, 0x00000005e1980000, 0x0000000719980000)
  object space 341504K, 0% used [0x00000005ccc00000,0x00000005ccc106d0,0x00000005e1980000)
 Metaspace       used 9572K, capacity 9833K, committed 10112K, reserved 1058816K
  class space    used 727K, capacity 841K, committed 896K, reserved 1048576K
Event: 1.628 GC heap after
Heap after GC invocations=7 (full 0):
 PSYoungGen      total 241152K, used 256K [0x0000000719980000, 0x0000000739980000, 0x00000007c0000000)
  eden space 240640K, 0% used [0x0000000719980000,0x0000000719980000,0x0000000728480000)
  from space 512K, 50% used [0x0000000738a80000,0x0000000738ac0000,0x0000000738b00000)
  to   space 9216K, 0% used [0x0000000739080000,0x0000000739080000,0x0000000739980000)
 ParOldGen       total 341504K, used 2378K [0x00000005ccc00000, 0x00000005e1980000, 0x0000000719980000)
  object space 341504K, 0% used [0x00000005ccc00000,0x00000005cce52b38,0x00000005e1980000)
 Metaspace       used 9572K, capacity 9833K, committed 10112K, reserved 1058816K
  class space    used 727K, capacity 841K, committed 896K, reserved 1048576K
}
Event: 1.827 GC heap before
{Heap before GC invocations=8 (full 0):
 PSYoungGen      total 241152K, used 240896K [0x0000000719980000, 0x0000000739980000, 0x00000007c0000000)
  eden space 240640K, 100% used [0x0000000719980000,0x0000000728480000,0x0000000728480000)
  from space 512K, 50% used [0x0000000738a80000,0x0000000738ac0000,0x0000000738b00000)
  to   space 9216K, 0% used [0x0000000739080000,0x0000000739080000,0x0000000739980000)
 ParOldGen       total 341504K, used 2378K [0x00000005ccc00000, 0x00000005e1980000, 0x0000000719980000)
  object space 341504K, 0% used [0x00000005ccc00000,0x00000005cce52b38,0x00000005e1980000)
 Metaspace       used 9578K, capacity 9833K, committed 10112K, reserved 1058816K
  class space    used 727K, capacity 841K, committed 896K, reserved 1048576K
Event: 1.827 GC heap after
Heap after GC invocations=8 (full 0):
 PSYoungGen      total 233472K, used 128K [0x0000000719980000, 0x0000000739100000, 0x00000007c0000000)
  eden space 232960K, 0% used [0x0000000719980000,0x0000000719980000,0x0000000727d00000)
  from space 512K, 25% used [0x0000000739080000,0x00000007390a0000,0x0000000739100000)
  to   space 8704K, 0% used [0x0000000738000000,0x0000000738000000,0x0000000738880000)
 ParOldGen       total 341504K, used 2402K [0x00000005ccc00000, 0x00000005e1980000, 0x0000000719980000)
  object space 341504K, 0% used [0x00000005ccc00000,0x00000005cce58b38,0x00000005e1980000)
 Metaspace       used 9578K, capacity 9833K, committed 10112K, reserved 1058816K
  class space    used 727K, capacity 841K, committed 896K, reserved 1048576K
}
Event: 2.018 GC heap before
{Heap before GC invocations=9 (full 0):
 PSYoungGen      total 233472K, used 233088K [0x0000000719980000, 0x0000000739100000, 0x00000007c0000000)
  eden space 232960K, 100% used [0x0000000719980000,0x0000000727d00000,0x0000000727d00000)
  from space 512K, 25% used [0x0000000739080000,0x00000007390a0000,0x0000000739100000)
  to   space 8704K, 0% used [0x0000000738000000,0x0000000738000000,0x0000000738880000)
 ParOldGen       total 341504K, used 2402K [0x00000005ccc00000, 0x00000005e1980000, 0x0000000719980000)
  object space 341504K, 0% used [0x00000005ccc00000,0x00000005cce58b38,0x00000005e1980000)
 Metaspace       used 9580K, capacity 9833K, committed 10112K, reserved 1058816K
  class space    used 727K, capacity 841K, committed 896K, reserved 1048576K
Event: 2.019 GC heap after
Heap after GC invocations=9 (full 0):
 PSYoungGen      total 234496K, used 96K [0x0000000719980000, 0x0000000739100000, 0x00000007c0000000)
  eden space 225792K, 0% used [0x0000000719980000,0x0000000719980000,0x0000000727600000)
  from space 8704K, 1% used [0x0000000738000000,0x0000000738018000,0x0000000738880000)
  to   space 8704K, 0% used [0x0000000738880000,0x0000000738880000,0x0000000739100000)
 ParOldGen       total 341504K, used 2410K [0x00000005ccc00000, 0x00000005e1980000, 0x0000000719980000)
  object space 341504K, 0% used [0x00000005ccc00000,0x00000005cce5ab38,0x00000005e1980000)
 Metaspace       used 9580K, capacity 9833K, committed 10112K, reserved 1058816K
  class space    used 727K, capacity 841K, committed 896K, reserved 1048576K
}

