# JRE version: OpenJDK Runtime Environment (8.0_222-b10) (build 1.8.0_222-8u222-b10-1ubuntu1~18.04.1-b10)
# Java VM: OpenJDK 64-Bit Server VM (25.222-b10 mixed mode linux-amd64 compressed oops)
Heap:
 PSYoungGen      total 220672K, used 178054K [0x0000000719980000, 0x0000000738900000, 0x00000007c0000000)
  eden space 211968K, 83% used [0x0000000719980000,0x00000007247498f0,0x0000000726880000)
  from space 8704K, 1% used [0x0000000737800000,0x0000000737818000,0x0000000738080000)
  to   space 8192K, 0% used [0x0000000738100000,0x0000000738100000,0x0000000738900000)
 ParOldGen       total 341504K, used 2380K [0x00000005ccc00000, 0x00000005e1980000, 0x0000000719980000)
  object space 341504K, 0% used [0x00000005ccc00000,0x00000005cce53178,0x00000005e1980000)
 Metaspace       used 9578K, capacity 9829K, committed 10112K, reserved 1058816K
  class space    used 727K, capacity 841K, committed 896K, reserved 1048576K
GC Heap History (10 events):
Event: 1.629 GC heap before
{Heap before GC invocations=7 (full 0):
 PSYoungGen      total 251392K, used 251328K [0x0000000719980000, 0x0000000739b80000, 0x00000007c0000000)
  eden space 248832K, 100% used [0x0000000719980000,0x0000000728c80000,0x0000000728c80000)
  from space 2560K, 97% used [0x0000000739900000,0x0000000739b70060,0x0000000739b80000)
  to   space 9216K, 0% used [0x0000000738980000,0x0000000738980000,0x0000000739280000)
 ParOldGen       total 341504K, used 65K [0x00000005ccc00000, 0x00000005e1980000, 0x0000000719980000)
  object space 341504K, 0% used [0x00000005ccc00000,0x00000005ccc106d0,0x00000005e1980000)
 Metaspace       used 9569K, capacity 9829K, committed 10112K, reserved 1058816K
  class space    used 727K, capacity 841K, committed 896K, reserved 1048576K
Event: 1.630 GC heap after
Heap after GC invocations=7 (full 0):
 PSYoungGen      total 241152K, used 224K [0x0000000719980000, 0x0000000739980000, 0x00000007c0000000)
  eden space 240640K, 0% used [0x0000000719980000,0x0000000719980000,0x0000000728480000)
  from space 512K, 43% used [0x0000000738980000,0x00000007389b8000,0x0000000738a00000)
  to   space 9216K, 0% used [0x0000000739080000,0x0000000739080000,0x0000000739980000)
 ParOldGen       total 341504K, used 2364K [0x00000005ccc00000, 0x00000005e1980000, 0x0000000719980000)
  object space 341504K, 0% used [0x00000005ccc00000,0x00000005cce4f178,0x00000005e1980000)
 Metaspace       used 9569K, capacity 9829K, committed 10112K, reserved 1058816K
  class space    used 727K, capacity 841K, committed 896K, reserved 1048576K
}
Event: 1.829 GC heap before
{Heap before GC invocations=8 (full 0):
 PSYoungGen      total 241152K, used 240864K [0x0000000719980000, 0x0000000739980000, 0x00000007c0000000)
  eden space 240640K, 100% used [0x0000000719980000,0x0000000728480000,0x0000000728480000)
  from space 512K, 43% used [0x0000000738980000,0x00000007389b8000,0x0000000738a00000)
  to   space 9216K, 0% used [0x0000000739080000,0x0000000739080000,0x0000000739980000)
 ParOldGen       total 341504K, used 2364K [0x00000005ccc00000, 0x00000005e1980000, 0x0000000719980000)
  object space 341504K, 0% used [0x00000005ccc00000,0x00000005cce4f178,0x00000005e1980000)
 Metaspace       used 9574K, capacity 9829K, committed 10112K, reserved 1058816K
  class space    used 727K, capacity 841K, committed 896K, reserved 1048576K
Event: 1.830 GC heap after
Heap after GC invocations=8 (full 0):
 PSYoungGen      total 233472K, used 64K [0x0000000719980000, 0x0000000739100000, 0x00000007c0000000)
  eden space 232960K, 0% used [0x0000000719980000,0x0000000719980000,0x0000000727d00000)
  from space 512K, 12% used [0x0000000739080000,0x0000000739090000,0x0000000739100000)
  to   space 9216K, 0% used [0x0000000737f00000,0x0000000737f00000,0x0000000738800000)
 ParOldGen       total 341504K, used 2372K [0x00000005ccc00000, 0x00000005e1980000, 0x0000000719980000)
  object space 341504K, 0% used [0x00000005ccc00000,0x00000005cce51178,0x00000005e1980000)
 Metaspace       used 9574K, capacity 9829K, committed 10112K, reserved 1058816K
  class space    used 727K, capacity 841K, committed 896K, reserved 1048576K
}
Event: 2.020 GC heap before
{Heap before GC invocations=9 (full 0):
 PSYoungGen      total 233472K, used 233024K [0x0000000719980000, 0x0000000739100000, 0x00000007c0000000)
  eden space 232960K, 100% used [0x0000000719980000,0x0000000727d00000,0x0000000727d00000)
  from space 512K, 12% used [0x0000000739080000,0x0000000739090000,0x0000000739100000)
  to   space 9216K, 0% used [0x0000000737f00000,0x0000000737f00000,0x0000000738800000)
 ParOldGen       total 341504K, used 2372K [0x00000005ccc00000, 0x00000005e1980000, 0x0000000719980000)
  object space 341504K, 0% used [0x00000005ccc00000,0x00000005cce51178,0x00000005e1980000)
 Metaspace       used 9576K, capacity 9829K, committed 10112K, reserved 1058816K
  class space    used 727K, capacity 841K, committed 896K, reserved 1048576K
Event: 2.021 GC heap after
Heap after GC invocations=9 (full 0):
 PSYoungGen      total 235008K, used 96K [0x0000000719980000, 0x0000000739100000, 0x00000007c0000000)
  eden space 225792K, 0% used [0x0000000719980000,0x0000000719980000,0x0000000727600000)
  from space 9216K, 1% used [0x0000000737f00000,0x0000000737f18000,0x0000000738800000)
  to   space 8704K, 0% used [0x0000000738880000,0x0000000738880000,0x0000000739100000)
 ParOldGen       total 341504K, used 2380K [0x00000005ccc00000, 0x00000005e1980000, 0x0000000719980000)
  object space 341504K, 0% used [0x00000005ccc00000,0x00000005cce53178,0x00000005e1980000)
 Metaspace       used 9576K, capacity 9829K, committed 10112K, reserved 1058816K
  class space    used 727K, capacity 841K, committed 896K, reserved 1048576K
}
Event: 2.213 GC heap before
{Heap before GC invocations=10 (full 0):
 PSYoungGen      total 235008K, used 225888K [0x0000000719980000, 0x0000000739100000, 0x00000007c0000000)
  eden space 225792K, 100% used [0x0000000719980000,0x0000000727600000,0x0000000727600000)
  from space 9216K, 1% used [0x0000000737f00000,0x0000000737f18000,0x0000000738800000)
  to   space 8704K, 0% used [0x0000000738880000,0x0000000738880000,0x0000000739100000)
 ParOldGen       total 341504K, used 2380K [0x00000005ccc00000, 0x00000005e1980000, 0x0000000719980000)
  object space 341504K, 0% used [0x00000005ccc00000,0x00000005cce53178,0x00000005e1980000)
 Metaspace       used 9577K, capacity 9829K, committed 10112K, reserved 1058816K
  class space    used 727K, capacity 841K, committed 896K, reserved 1048576K
Event: 2.213 GC heap after
Heap after GC invocations=10 (full 0):
 PSYoungGen      total 219136K, used 64K [0x0000000719980000, 0x0000000738900000, 0x00000007c0000000)
  eden space 218624K, 0% used [0x0000000719980000,0x0000000719980000,0x0000000726f00000)
  from space 512K, 12% used [0x0000000738880000,0x0000000738890000,0x0000000738900000)
  to   space 8704K, 0% used [0x0000000737800000,0x0000000737800000,0x0000000738080000)
 ParOldGen       total 341504K, used 2380K [0x00000005ccc00000, 0x00000005e1980000, 0x0000000719980000)
  object space 341504K, 0% used [0x00000005ccc00000,0x00000005cce53178,0x00000005e1980000)
 Metaspace       used 9577K, capacity 9829K, committed 10112K, reserved 1058816K
  class space    used 727K, capacity 841K, committed 896K, reserved 1048576K
}
Event: 2.396 GC heap before
{Heap before GC invocations=11 (full 0):
 PSYoungGen      total 219136K, used 218688K [0x0000000719980000, 0x0000000738900000, 0x00000007c0000000)
  eden space 218624K, 100% used [0x0000000719980000,0x0000000726f00000,0x0000000726f00000)
  from space 512K, 12% used [0x0000000738880000,0x0000000738890000,0x0000000738900000)
  to   space 8704K, 0% used [0x0000000737800000,0x0000000737800000,0x0000000738080000)
 ParOldGen       total 341504K, used 2380K [0x00000005ccc00000, 0x00000005e1980000, 0x0000000719980000)
  object space 341504K, 0% used [0x00000005ccc00000,0x00000005cce53178,0x00000005e1980000)
 Metaspace       used 9577K, capacity 9829K, committed 10112K, reserved 1058816K
  class space    used 727K, capacity 841K, committed 896K, reserved 1048576K
Event: 2.397 GC heap after
Heap after GC invocations=11 (full 0):
 PSYoungGen      total 220672K, used 96K [0x0000000719980000, 0x0000000738900000, 0x00000007c0000000)
  eden space 211968K, 0% used [0x0000000719980000,0x0000000719980000,0x0000000726880000)
  from space 8704K, 1% used [0x0000000737800000,0x0000000737818000,0x0000000738080000)
  to   space 8192K, 0% used [0x0000000738100000,0x0000000738100000,0x0000000738900000)
 ParOldGen       total 341504K, used 2380K [0x00000005ccc00000, 0x00000005e1980000, 0x0000000719980000)
  object space 341504K, 0% used [0x00000005ccc00000,0x00000005cce53178,0x00000005e1980000)
 Metaspace       used 9577K, capacity 9829K, committed 10112K, reserved 1058816K
  class space    used 727K, capacity 841K, committed 896K, reserved 1048576K
}

