# JRE version: OpenJDK Runtime Environment (8.0_222-b10) (build 1.8.0_222-8u222-b10-1ubuntu1~18.04.1-b10)
# Java VM: OpenJDK 64-Bit Server VM (25.222-b10 mixed mode linux-amd64 compressed oops)
Heap:
 PSYoungGen      total 494080K, used 413411K [0x0000000719980000, 0x0000000739900000, 0x00000007c0000000)
  eden space 493568K, 83% used [0x0000000719980000,0x0000000732d00c18,0x0000000737b80000)
  from space 512K, 43% used [0x0000000738f80000,0x0000000738fb8000,0x0000000739000000)
  to   space 8704K, 0% used [0x0000000739080000,0x0000000739080000,0x0000000739900000)
 ParOldGen       total 341504K, used 2368K [0x00000005ccc00000, 0x00000005e1980000, 0x0000000719980000)
  object space 341504K, 0% used [0x00000005ccc00000,0x00000005cce50168,0x00000005e1980000)
 Metaspace       used 9577K, capacity 9833K, committed 10112K, reserved 1058816K
  class space    used 727K, capacity 841K, committed 896K, reserved 1048576K
GC Heap History (10 events):
Event: 0.869 GC heap before
{Heap before GC invocations=3 (full 0):
 PSYoungGen      total 149504K, used 130960K [0x0000000719980000, 0x000000072bd80000, 0x00000007c0000000)
  eden space 128512K, 100% used [0x0000000719980000,0x0000000721700000,0x0000000721700000)
  from space 20992K, 11% used [0x0000000722b80000,0x0000000722de4050,0x0000000724000000)
  to   space 20992K, 0% used [0x0000000721700000,0x0000000721700000,0x0000000722b80000)
 ParOldGen       total 341504K, used 33K [0x00000005ccc00000, 0x00000005e1980000, 0x0000000719980000)
  object space 341504K, 0% used [0x00000005ccc00000,0x00000005ccc086d0,0x00000005e1980000)
 Metaspace       used 9517K, capacity 9705K, committed 9856K, reserved 1058816K
  class space    used 727K, capacity 841K, committed 896K, reserved 1048576K
Event: 0.870 GC heap after
Heap after GC invocations=3 (full 0):
 PSYoungGen      total 149504K, used 2480K [0x0000000719980000, 0x000000072bd80000, 0x00000007c0000000)
  eden space 128512K, 0% used [0x0000000719980000,0x0000000719980000,0x0000000721700000)
  from space 20992K, 11% used [0x0000000721700000,0x000000072196c050,0x0000000722b80000)
  to   space 20992K, 0% used [0x000000072a900000,0x000000072a900000,0x000000072bd80000)
 ParOldGen       total 341504K, used 41K [0x00000005ccc00000, 0x00000005e1980000, 0x0000000719980000)
  object space 341504K, 0% used [0x00000005ccc00000,0x00000005ccc0a6d0,0x00000005e1980000)
 Metaspace       used 9517K, capacity 9705K, committed 9856K, reserved 1058816K
  class space    used 727K, capacity 841K, committed 896K, reserved 1048576K
}
Event: 0.978 GC heap before
{Heap before GC invocations=4 (full 0):
 PSYoungGen      total 149504K, used 130992K [0x0000000719980000, 0x000000072bd80000, 0x00000007c0000000)
  eden space 128512K, 100% used [0x0000000719980000,0x0000000721700000,0x0000000721700000)
  from space 20992K, 11% used [0x0000000721700000,0x000000072196c050,0x0000000722b80000)
  to   space 20992K, 0% used [0x000000072a900000,0x000000072a900000,0x000000072bd80000)
 ParOldGen       total 341504K, used 41K [0x00000005ccc00000, 0x00000005e1980000, 0x0000000719980000)
  object space 341504K, 0% used [0x00000005ccc00000,0x00000005ccc0a6d0,0x00000005e1980000)
 Metaspace       used 9534K, capacity 9769K, committed 9856K, reserved 1058816K
  class space    used 727K, capacity 841K, committed 896K, reserved 1048576K
Event: 0.980 GC heap after
Heap after GC invocations=4 (full 0):
 PSYoungGen      total 278016K, used 2480K [0x0000000719980000, 0x000000072bd80000, 0x00000007c0000000)
  eden space 257024K, 0% used [0x0000000719980000,0x0000000719980000,0x0000000729480000)
  from space 20992K, 11% used [0x000000072a900000,0x000000072ab6c070,0x000000072bd80000)
  to   space 20992K, 0% used [0x0000000729480000,0x0000000729480000,0x000000072a900000)
 ParOldGen       total 341504K, used 49K [0x00000005ccc00000, 0x00000005e1980000, 0x0000000719980000)
  object space 341504K, 0% used [0x00000005ccc00000,0x00000005ccc0c6d0,0x00000005e1980000)
 Metaspace       used 9534K, capacity 9769K, committed 9856K, reserved 1058816K
  class space    used 727K, capacity 841K, committed 896K, reserved 1048576K
}
Event: 1.211 GC heap before
{Heap before GC invocations=5 (full 0):
 PSYoungGen      total 278016K, used 259504K [0x0000000719980000, 0x000000072bd80000, 0x00000007c0000000)
  eden space 257024K, 100% used [0x0000000719980000,0x0000000729480000,0x0000000729480000)
  from space 20992K, 11% used [0x000000072a900000,0x000000072ab6c070,0x000000072bd80000)
  to   space 20992K, 0% used [0x0000000729480000,0x0000000729480000,0x000000072a900000)
 ParOldGen       total 341504K, used 49K [0x00000005ccc00000, 0x00000005e1980000, 0x0000000719980000)
  object space 341504K, 0% used [0x00000005ccc00000,0x00000005ccc0c6d0,0x00000005e1980000)
 Metaspace       used 9544K, capacity 9769K, committed 9856K, reserved 1058816K
  class space    used 727K, capacity 841K, committed 896K, reserved 1048576K
Event: 1.212 GC heap after
Heap after GC invocations=5 (full 0):
 PSYoungGen      total 278016K, used 2528K [0x0000000719980000, 0x000000073a180000, 0x00000007c0000000)
  eden space 257024K, 0% used [0x0000000719980000,0x0000000719980000,0x0000000729480000)
  from space 20992K, 12% used [0x0000000729480000,0x00000007296f8040,0x000000072a900000)
  to   space 9216K, 0% used [0x0000000739880000,0x0000000739880000,0x000000073a180000)
 ParOldGen       total 341504K, used 57K [0x00000005ccc00000, 0x00000005e1980000, 0x0000000719980000)
  object space 341504K, 0% used [0x00000005ccc00000,0x00000005ccc0e6d0,0x00000005e1980000)
 Metaspace       used 9544K, capacity 9769K, committed 9856K, reserved 1058816K
  class space    used 727K, capacity 841K, committed 896K, reserved 1048576K
}
Event: 1.420 GC heap before
{Heap before GC invocations=6 (full 0):
 PSYoungGen      total 278016K, used 259552K [0x0000000719980000, 0x000000073a180000, 0x00000007c0000000)
  eden space 257024K, 100% used [0x0000000719980000,0x0000000729480000,0x0000000729480000)
  from space 20992K, 12% used [0x0000000729480000,0x00000007296f8040,0x000000072a900000)
  to   space 9216K, 0% used [0x0000000739880000,0x0000000739880000,0x000000073a180000)
 ParOldGen       total 341504K, used 57K [0x00000005ccc00000, 0x00000005e1980000, 0x0000000719980000)
  object space 341504K, 0% used [0x00000005ccc00000,0x00000005ccc0e6d0,0x00000005e1980000)
 Metaspace       used 9556K, capacity 9833K, committed 10112K, reserved 1058816K
  class space    used 727K, capacity 841K, committed 896K, reserved 1048576K
Event: 1.422 GC heap after
Heap after GC invocations=6 (full 0):
 PSYoungGen      total 522240K, used 2464K [0x0000000719980000, 0x000000073a080000, 0x00000007c0000000)
  eden space 514048K, 0% used [0x0000000719980000,0x0000000719980000,0x0000000738f80000)
  from space 8192K, 30% used [0x0000000739880000,0x0000000739ae8040,0x000000073a080000)
  to   space 8704K, 0% used [0x0000000738f80000,0x0000000738f80000,0x0000000739800000)
 ParOldGen       total 341504K, used 65K [0x00000005ccc00000, 0x00000005e1980000, 0x0000000719980000)
  object space 341504K, 0% used [0x00000005ccc00000,0x00000005ccc106d0,0x00000005e1980000)
 Metaspace       used 9556K, capacity 9833K, committed 10112K, reserved 1058816K
  class space    used 727K, capacity 841K, committed 896K, reserved 1048576K
}
Event: 1.886 GC heap before
{Heap before GC invocations=7 (full 0):
 PSYoungGen      total 522240K, used 516512K [0x0000000719980000, 0x000000073a080000, 0x00000007c0000000)
  eden space 514048K, 100% used [0x0000000719980000,0x0000000738f80000,0x0000000738f80000)
  from space 8192K, 30% used [0x0000000739880000,0x0000000739ae8040,0x000000073a080000)
  to   space 8704K, 0% used [0x0000000738f80000,0x0000000738f80000,0x0000000739800000)
 ParOldGen       total 341504K, used 65K [0x00000005ccc00000, 0x00000005e1980000, 0x0000000719980000)
  object space 341504K, 0% used [0x00000005ccc00000,0x00000005ccc106d0,0x00000005e1980000)
 Metaspace       used 9573K, capacity 9833K, committed 10112K, reserved 1058816K
  class space    used 727K, capacity 841K, committed 896K, reserved 1048576K
Event: 1.888 GC heap after
Heap after GC invocations=7 (full 0):
 PSYoungGen      total 494080K, used 224K [0x0000000719980000, 0x0000000739900000, 0x00000007c0000000)
  eden space 493568K, 0% used [0x0000000719980000,0x0000000719980000,0x0000000737b80000)
  from space 512K, 43% used [0x0000000738f80000,0x0000000738fb8000,0x0000000739000000)
  to   space 8704K, 0% used [0x0000000739080000,0x0000000739080000,0x0000000739900000)
 ParOldGen       total 341504K, used 2368K [0x00000005ccc00000, 0x00000005e1980000, 0x0000000719980000)
  object space 341504K, 0% used [0x00000005ccc00000,0x00000005cce50168,0x00000005e1980000)
 Metaspace       used 9573K, capacity 9833K, committed 10112K, reserved 1058816K
  class space    used 727K, capacity 841K, committed 896K, reserved 1048576K
}

