# JRE version: OpenJDK Runtime Environment (8.0_222-b10) (build 1.8.0_222-8u222-b10-1ubuntu1~18.04.1-b10)
# Java VM: OpenJDK 64-Bit Server VM (25.222-b10 mixed mode linux-amd64 compressed oops)
Heap:
 PSYoungGen      total 227328K, used 214044K [0x0000000719980000, 0x0000000729880000, 0x00000007c0000000)
  eden space 218624K, 97% used [0x0000000719980000,0x0000000726a77278,0x0000000726f00000)
  from space 8704K, 0% used [0x0000000728780000,0x0000000728790000,0x0000000729000000)
  to   space 8704K, 0% used [0x0000000729000000,0x0000000729000000,0x0000000729880000)
 ParOldGen       total 341504K, used 2394K [0x00000005ccc00000, 0x00000005e1980000, 0x0000000719980000)
  object space 341504K, 0% used [0x00000005ccc00000,0x00000005cce56838,0x00000005e1980000)
 Metaspace       used 9575K, capacity 9833K, committed 10112K, reserved 1058816K
  class space    used 727K, capacity 841K, committed 896K, reserved 1048576K
GC Heap History (10 events):
Event: 1.190 GC heap before
{Heap before GC invocations=5 (full 0):
 PSYoungGen      total 278016K, used 259520K [0x0000000719980000, 0x000000072bd80000, 0x00000007c0000000)
  eden space 257024K, 100% used [0x0000000719980000,0x0000000729480000,0x0000000729480000)
  from space 20992K, 11% used [0x000000072a900000,0x000000072ab70060,0x000000072bd80000)
  to   space 20992K, 0% used [0x0000000729480000,0x0000000729480000,0x000000072a900000)
 ParOldGen       total 341504K, used 49K [0x00000005ccc00000, 0x00000005e1980000, 0x0000000719980000)
  object space 341504K, 0% used [0x00000005ccc00000,0x00000005ccc0c6d0,0x00000005e1980000)
 Metaspace       used 9544K, capacity 9833K, committed 10112K, reserved 1058816K
  class space    used 727K, capacity 841K, committed 896K, reserved 1048576K
Event: 1.191 GC heap after
Heap after GC invocations=5 (full 0):
 PSYoungGen      total 251392K, used 2544K [0x0000000719980000, 0x000000072a980000, 0x00000007c0000000)
  eden space 248832K, 0% used [0x0000000719980000,0x0000000719980000,0x0000000728c80000)
  from space 2560K, 99% used [0x0000000729480000,0x00000007296fc090,0x0000000729700000)
  to   space 9216K, 0% used [0x000000072a080000,0x000000072a080000,0x000000072a980000)
 ParOldGen       total 341504K, used 57K [0x00000005ccc00000, 0x00000005e1980000, 0x0000000719980000)
  object space 341504K, 0% used [0x00000005ccc00000,0x00000005ccc0e6d0,0x00000005e1980000)
 Metaspace       used 9544K, capacity 9833K, committed 10112K, reserved 1058816K
  class space    used 727K, capacity 841K, committed 896K, reserved 1048576K
}
Event: 1.395 GC heap before
{Heap before GC invocations=6 (full 0):
 PSYoungGen      total 251392K, used 251376K [0x0000000719980000, 0x000000072a980000, 0x00000007c0000000)
  eden space 248832K, 100% used [0x0000000719980000,0x0000000728c80000,0x0000000728c80000)
  from space 2560K, 99% used [0x0000000729480000,0x00000007296fc090,0x0000000729700000)
  to   space 9216K, 0% used [0x000000072a080000,0x000000072a080000,0x000000072a980000)
 ParOldGen       total 341504K, used 57K [0x00000005ccc00000, 0x00000005e1980000, 0x0000000719980000)
  object space 341504K, 0% used [0x00000005ccc00000,0x00000005ccc0e6d0,0x00000005e1980000)
 Metaspace       used 9555K, capacity 9833K, committed 10112K, reserved 1058816K
  class space    used 727K, capacity 841K, committed 896K, reserved 1048576K
Event: 1.396 GC heap after
Heap after GC invocations=6 (full 0):
 PSYoungGen      total 243200K, used 2528K [0x0000000719980000, 0x000000072a300000, 0x00000007c0000000)
  eden space 240640K, 0% used [0x0000000719980000,0x0000000719980000,0x0000000728480000)
  from space 2560K, 98% used [0x000000072a080000,0x000000072a2f8080,0x000000072a300000)
  to   space 8704K, 0% used [0x0000000729200000,0x0000000729200000,0x0000000729a80000)
 ParOldGen       total 341504K, used 65K [0x00000005ccc00000, 0x00000005e1980000, 0x0000000719980000)
  object space 341504K, 0% used [0x00000005ccc00000,0x00000005ccc106d0,0x00000005e1980000)
 Metaspace       used 9555K, capacity 9833K, committed 10112K, reserved 1058816K
  class space    used 727K, capacity 841K, committed 896K, reserved 1048576K
}
Event: 1.594 GC heap before
{Heap before GC invocations=7 (full 0):
 PSYoungGen      total 243200K, used 243168K [0x0000000719980000, 0x000000072a300000, 0x00000007c0000000)
  eden space 240640K, 100% used [0x0000000719980000,0x0000000728480000,0x0000000728480000)
  from space 2560K, 98% used [0x000000072a080000,0x000000072a2f8080,0x000000072a300000)
  to   space 8704K, 0% used [0x0000000729200000,0x0000000729200000,0x0000000729a80000)
 ParOldGen       total 341504K, used 65K [0x00000005ccc00000, 0x00000005e1980000, 0x0000000719980000)
  object space 341504K, 0% used [0x00000005ccc00000,0x00000005ccc106d0,0x00000005e1980000)
 Metaspace       used 9564K, capacity 9833K, committed 10112K, reserved 1058816K
  class space    used 727K, capacity 841K, committed 896K, reserved 1048576K
Event: 1.596 GC heap after
Heap after GC invocations=7 (full 0):
 PSYoungGen      total 233472K, used 288K [0x0000000719980000, 0x000000072a100000, 0x00000007c0000000)
  eden space 232960K, 0% used [0x0000000719980000,0x0000000719980000,0x0000000727d00000)
  from space 512K, 56% used [0x0000000729200000,0x0000000729248000,0x0000000729280000)
  to   space 9216K, 0% used [0x0000000729800000,0x0000000729800000,0x000000072a100000)
 ParOldGen       total 341504K, used 2386K [0x00000005ccc00000, 0x00000005e1980000, 0x0000000719980000)
  object space 341504K, 0% used [0x00000005ccc00000,0x00000005cce54838,0x00000005e1980000)
 Metaspace       used 9564K, capacity 9833K, committed 10112K, reserved 1058816K
  class space    used 727K, capacity 841K, committed 896K, reserved 1048576K
}
Event: 1.791 GC heap before
{Heap before GC invocations=8 (full 0):
 PSYoungGen      total 233472K, used 233248K [0x0000000719980000, 0x000000072a100000, 0x00000007c0000000)
  eden space 232960K, 100% used [0x0000000719980000,0x0000000727d00000,0x0000000727d00000)
  from space 512K, 56% used [0x0000000729200000,0x0000000729248000,0x0000000729280000)
  to   space 9216K, 0% used [0x0000000729800000,0x0000000729800000,0x000000072a100000)
 ParOldGen       total 341504K, used 2386K [0x00000005ccc00000, 0x00000005e1980000, 0x0000000719980000)
  object space 341504K, 0% used [0x00000005ccc00000,0x00000005cce54838,0x00000005e1980000)
 Metaspace       used 9570K, capacity 9833K, committed 10112K, reserved 1058816K
  class space    used 727K, capacity 841K, committed 896K, reserved 1048576K
Event: 1.792 GC heap after
Heap after GC invocations=8 (full 0):
 PSYoungGen      total 226304K, used 64K [0x0000000719980000, 0x0000000729880000, 0x00000007c0000000)
  eden space 225792K, 0% used [0x0000000719980000,0x0000000719980000,0x0000000727600000)
  from space 512K, 12% used [0x0000000729800000,0x0000000729810000,0x0000000729880000)
  to   space 8704K, 0% used [0x0000000728780000,0x0000000728780000,0x0000000729000000)
 ParOldGen       total 341504K, used 2386K [0x00000005ccc00000, 0x00000005e1980000, 0x0000000719980000)
  object space 341504K, 0% used [0x00000005ccc00000,0x00000005cce54838,0x00000005e1980000)
 Metaspace       used 9570K, capacity 9833K, committed 10112K, reserved 1058816K
  class space    used 727K, capacity 841K, committed 896K, reserved 1048576K
}
Event: 1.978 GC heap before
{Heap before GC invocations=9 (full 0):
 PSYoungGen      total 226304K, used 225856K [0x0000000719980000, 0x0000000729880000, 0x00000007c0000000)
  eden space 225792K, 100% used [0x0000000719980000,0x0000000727600000,0x0000000727600000)
  from space 512K, 12% used [0x0000000729800000,0x0000000729810000,0x0000000729880000)
  to   space 8704K, 0% used [0x0000000728780000,0x0000000728780000,0x0000000729000000)
 ParOldGen       total 341504K, used 2386K [0x00000005ccc00000, 0x00000005e1980000, 0x0000000719980000)
  object space 341504K, 0% used [0x00000005ccc00000,0x00000005cce54838,0x00000005e1980000)
 Metaspace       used 9573K, capacity 9833K, committed 10112K, reserved 1058816K
  class space    used 727K, capacity 841K, committed 896K, reserved 1048576K
Event: 1.979 GC heap after
Heap after GC invocations=9 (full 0):
 PSYoungGen      total 227328K, used 64K [0x0000000719980000, 0x0000000729880000, 0x00000007c0000000)
  eden space 218624K, 0% used [0x0000000719980000,0x0000000719980000,0x0000000726f00000)
  from space 8704K, 0% used [0x0000000728780000,0x0000000728790000,0x0000000729000000)
  to   space 8704K, 0% used [0x0000000729000000,0x0000000729000000,0x0000000729880000)
 ParOldGen       total 341504K, used 2394K [0x00000005ccc00000, 0x00000005e1980000, 0x0000000719980000)
  object space 341504K, 0% used [0x00000005ccc00000,0x00000005cce56838,0x00000005e1980000)
 Metaspace       used 9573K, capacity 9833K, committed 10112K, reserved 1058816K
  class space    used 727K, capacity 841K, committed 896K, reserved 1048576K
}

