# JRE version: OpenJDK Runtime Environment (8.0_222-b10) (build 1.8.0_222-8u222-b10-1ubuntu1~18.04.1-b10)
# Java VM: OpenJDK 64-Bit Server VM (25.222-b10 mixed mode linux-amd64 compressed oops)
Heap:
 PSYoungGen      total 98304K, used 96800K [0x0000000719980000, 0x0000000734e80000, 0x00000007c0000000)
  eden space 96768K, 100% used [0x0000000719980000,0x000000071f800000,0x000000071f800000)
  from space 1536K, 2% used [0x0000000734b80000,0x0000000734b88000,0x0000000734d00000)
  to   space 1024K, 0% used [0x0000000734d80000,0x0000000734d80000,0x0000000734e80000)
 ParOldGen       total 341504K, used 2392K [0x00000005ccc00000, 0x00000005e1980000, 0x0000000719980000)
  object space 341504K, 0% used [0x00000005ccc00000,0x00000005cce56168,0x00000005e1980000)
 Metaspace       used 9598K, capacity 9833K, committed 10112K, reserved 1058816K
  class space    used 727K, capacity 841K, committed 896K, reserved 1048576K
GC Heap History (10 events):
Event: 5.940 GC heap before
{Heap before GC invocations=39 (full 0):
 PSYoungGen      total 107520K, used 107136K [0x0000000719980000, 0x0000000735080000, 0x00000007c0000000)
  eden space 107008K, 100% used [0x0000000719980000,0x0000000720200000,0x0000000720200000)
  from space 512K, 25% used [0x0000000735000000,0x0000000735020000,0x0000000735080000)
  to   space 1536K, 0% used [0x0000000734d80000,0x0000000734d80000,0x0000000734f00000)
 ParOldGen       total 341504K, used 2392K [0x00000005ccc00000, 0x00000005e1980000, 0x0000000719980000)
  object space 341504K, 0% used [0x00000005ccc00000,0x00000005cce56168,0x00000005e1980000)
 Metaspace       used 9596K, capacity 9833K, committed 10112K, reserved 1058816K
  class space    used 727K, capacity 841K, committed 896K, reserved 1048576K
Event: 5.941 GC heap after
Heap after GC invocations=39 (full 0):
 PSYoungGen      total 106496K, used 96K [0x0000000719980000, 0x0000000735080000, 0x00000007c0000000)
  eden space 104960K, 0% used [0x0000000719980000,0x0000000719980000,0x0000000720000000)
  from space 1536K, 6% used [0x0000000734d80000,0x0000000734d98000,0x0000000734f00000)
  to   space 1536K, 0% used [0x0000000734f00000,0x0000000734f00000,0x0000000735080000)
 ParOldGen       total 341504K, used 2392K [0x00000005ccc00000, 0x00000005e1980000, 0x0000000719980000)
  object space 341504K, 0% used [0x00000005ccc00000,0x00000005cce56168,0x00000005e1980000)
 Metaspace       used 9596K, capacity 9833K, committed 10112K, reserved 1058816K
  class space    used 727K, capacity 841K, committed 896K, reserved 1048576K
}
Event: 6.026 GC heap before
{Heap before GC invocations=40 (full 0):
 PSYoungGen      total 106496K, used 105056K [0x0000000719980000, 0x0000000735080000, 0x00000007c0000000)
  eden space 104960K, 100% used [0x0000000719980000,0x0000000720000000,0x0000000720000000)
  from space 1536K, 6% used [0x0000000734d80000,0x0000000734d98000,0x0000000734f00000)
  to   space 1536K, 0% used [0x0000000734f00000,0x0000000734f00000,0x0000000735080000)
 ParOldGen       total 341504K, used 2392K [0x00000005ccc00000, 0x00000005e1980000, 0x0000000719980000)
  object space 341504K, 0% used [0x00000005ccc00000,0x00000005cce56168,0x00000005e1980000)
 Metaspace       used 9596K, capacity 9833K, committed 10112K, reserved 1058816K
  class space    used 727K, capacity 841K, committed 896K, reserved 1048576K
Event: 6.027 GC heap after
Heap after GC invocations=40 (full 0):
 PSYoungGen      total 103424K, used 96K [0x0000000719980000, 0x0000000734f80000, 0x00000007c0000000)
  eden space 102912K, 0% used [0x0000000719980000,0x0000000719980000,0x000000071fe00000)
  from space 512K, 18% used [0x0000000734f00000,0x0000000734f18000,0x0000000734f80000)
  to   space 1536K, 0% used [0x0000000734c80000,0x0000000734c80000,0x0000000734e00000)
 ParOldGen       total 341504K, used 2392K [0x00000005ccc00000, 0x00000005e1980000, 0x0000000719980000)
  object space 341504K, 0% used [0x00000005ccc00000,0x00000005cce56168,0x00000005e1980000)
 Metaspace       used 9596K, capacity 9833K, committed 10112K, reserved 1058816K
  class space    used 727K, capacity 841K, committed 896K, reserved 1048576K
}
Event: 6.116 GC heap before
{Heap before GC invocations=41 (full 0):
 PSYoungGen      total 103424K, used 103008K [0x0000000719980000, 0x0000000734f80000, 0x00000007c0000000)
  eden space 102912K, 100% used [0x0000000719980000,0x000000071fe00000,0x000000071fe00000)
  from space 512K, 18% used [0x0000000734f00000,0x0000000734f18000,0x0000000734f80000)
  to   space 1536K, 0% used [0x0000000734c80000,0x0000000734c80000,0x0000000734e00000)
 ParOldGen       total 341504K, used 2392K [0x00000005ccc00000, 0x00000005e1980000, 0x0000000719980000)
  object space 341504K, 0% used [0x00000005ccc00000,0x00000005cce56168,0x00000005e1980000)
 Metaspace       used 9597K, capacity 9833K, committed 10112K, reserved 1058816K
  class space    used 727K, capacity 841K, committed 896K, reserved 1048576K
Event: 6.117 GC heap after
Heap after GC invocations=41 (full 0):
 PSYoungGen      total 102400K, used 64K [0x0000000719980000, 0x0000000734f80000, 0x00000007c0000000)
  eden space 100864K, 0% used [0x0000000719980000,0x0000000719980000,0x000000071fc00000)
  from space 1536K, 4% used [0x0000000734c80000,0x0000000734c90000,0x0000000734e00000)
  to   space 1536K, 0% used [0x0000000734e00000,0x0000000734e00000,0x0000000734f80000)
 ParOldGen       total 341504K, used 2392K [0x00000005ccc00000, 0x00000005e1980000, 0x0000000719980000)
  object space 341504K, 0% used [0x00000005ccc00000,0x00000005cce56168,0x00000005e1980000)
 Metaspace       used 9597K, capacity 9833K, committed 10112K, reserved 1058816K
  class space    used 727K, capacity 841K, committed 896K, reserved 1048576K
}
Event: 6.200 GC heap before
{Heap before GC invocations=42 (full 0):
 PSYoungGen      total 102400K, used 100928K [0x0000000719980000, 0x0000000734f80000, 0x00000007c0000000)
  eden space 100864K, 100% used [0x0000000719980000,0x000000071fc00000,0x000000071fc00000)
  from space 1536K, 4% used [0x0000000734c80000,0x0000000734c90000,0x0000000734e00000)
  to   space 1536K, 0% used [0x0000000734e00000,0x0000000734e00000,0x0000000734f80000)
 ParOldGen       total 341504K, used 2392K [0x00000005ccc00000, 0x00000005e1980000, 0x0000000719980000)
  object space 341504K, 0% used [0x00000005ccc00000,0x00000005cce56168,0x00000005e1980000)
 Metaspace       used 9597K, capacity 9833K, committed 10112K, reserved 1058816K
  class space    used 727K, capacity 841K, committed 896K, reserved 1048576K
Event: 6.201 GC heap after
Heap after GC invocations=42 (full 0):
 PSYoungGen      total 99328K, used 64K [0x0000000719980000, 0x0000000734e80000, 0x00000007c0000000)
  eden space 98816K, 0% used [0x0000000719980000,0x0000000719980000,0x000000071fa00000)
  from space 512K, 12% used [0x0000000734e00000,0x0000000734e10000,0x0000000734e80000)
  to   space 1536K, 0% used [0x0000000734b80000,0x0000000734b80000,0x0000000734d00000)
 ParOldGen       total 341504K, used 2392K [0x00000005ccc00000, 0x00000005e1980000, 0x0000000719980000)
  object space 341504K, 0% used [0x00000005ccc00000,0x00000005cce56168,0x00000005e1980000)
 Metaspace       used 9597K, capacity 9833K, committed 10112K, reserved 1058816K
  class space    used 727K, capacity 841K, committed 896K, reserved 1048576K
}
Event: 6.283 GC heap before
{Heap before GC invocations=43 (full 0):
 PSYoungGen      total 99328K, used 98880K [0x0000000719980000, 0x0000000734e80000, 0x00000007c0000000)
  eden space 98816K, 100% used [0x0000000719980000,0x000000071fa00000,0x000000071fa00000)
  from space 512K, 12% used [0x0000000734e00000,0x0000000734e10000,0x0000000734e80000)
  to   space 1536K, 0% used [0x0000000734b80000,0x0000000734b80000,0x0000000734d00000)
 ParOldGen       total 341504K, used 2392K [0x00000005ccc00000, 0x00000005e1980000, 0x0000000719980000)
  object space 341504K, 0% used [0x00000005ccc00000,0x00000005cce56168,0x00000005e1980000)
 Metaspace       used 9597K, capacity 9833K, committed 10112K, reserved 1058816K
  class space    used 727K, capacity 841K, committed 896K, reserved 1048576K
Event: 6.284 GC heap after
Heap after GC invocations=43 (full 0):
 PSYoungGen      total 98304K, used 32K [0x0000000719980000, 0x0000000734e80000, 0x00000007c0000000)
  eden space 96768K, 0% used [0x0000000719980000,0x0000000719980000,0x000000071f800000)
  from space 1536K, 2% used [0x0000000734b80000,0x0000000734b88000,0x0000000734d00000)
  to   space 1024K, 0% used [0x0000000734d80000,0x0000000734d80000,0x0000000734e80000)
 ParOldGen       total 341504K, used 2392K [0x00000005ccc00000, 0x00000005e1980000, 0x0000000719980000)
  object space 341504K, 0% used [0x00000005ccc00000,0x00000005cce56168,0x00000005e1980000)
 Metaspace       used 9597K, capacity 9833K, committed 10112K, reserved 1058816K
  class space    used 727K, capacity 841K, committed 896K, reserved 1048576K
}

